#
# A fatal error has been detected by the Java Runtime Environment:
#
#  EXCEPTION_ACCESS_VIOLATION (0xc0000005) at pc=0x00007ff972ed5f86, pid=21648, tid=19584
#
# JRE version: Java(TM) SE Runtime Environment (15.0+36) (build 15+36-1562)
# Java VM: Java HotSpot(TM) 64-Bit Server VM (15+36-1562, mixed mode, sharing, tiered, compressed oops, g1 gc, windows-amd64)
# Problematic frame:
# C  [ntdll.dll+0x45f86]
#
# No core dump will be written. Minidumps are not enabled by default on client versions of Windows
#
# If you would like to submit a bug report, please visit:
#   https://bugreport.java.com/bugreport/crash.jsp
# The crash happened outside the Java Virtual Machine in native code.
# See problematic frame for where to report the bug.
#

---------------  S U M M A R Y ------------

Command Line: -javaagent:C:\JetBrains\IntelliJ IDEA Community Edition 2020.2.2\lib\idea_rt.jar=58572:C:\JetBrains\IntelliJ IDEA Community Edition 2020.2.2\bin -Dfile.encoding=UTF-8 game.Launcher

Host: Intel(R) Core(TM) i7-10700K CPU @ 3.80GHz, 16 cores, 31G,  Windows 10 , 64 bit Build 19041 (10.0.19041.662)
Time: Thu Apr 22 22:55:48 2021 GMT Daylight Time elapsed time: 162.911260 seconds (0d 0h 2m 42s)

---------------  T H R E A D  ---------------

Current thread (0x00000190a86e7140):  JavaThread "Thread-0" [_thread_in_native, id=19584, stack(0x000000415b310000,0x000000415b410000)]

Stack: [0x000000415b310000,0x000000415b410000],  sp=0x000000415b40ebb0,  free space=1018k
Native frames: (J=compiled Java code, j=interpreted, Vv=VM code, C=native code)
C  [ntdll.dll+0x45f86]
C  [ntdll.dll+0x215b4]
C  [ntdll.dll+0x213e2]
C  0x00007ff962eae45c

Java frames: (J=compiled Java code, j=interpreted, Vv=VM code)
j  sun.java2d.d3d.D3DSurfaceData.initOps(III)V+0 java.desktop@15
j  sun.java2d.d3d.D3DSurfaceData.<init>(Lsun/awt/windows/WComponentPeer;Lsun/java2d/d3d/D3DGraphicsConfig;IILjava/awt/Image;Ljava/awt/image/ColorModel;IILsun/java2d/pipe/hw/ExtendedBufferCapabilities$VSyncType;I)V+212 java.desktop@15
j  sun.java2d.d3d.D3DSurfaceData.createData(Lsun/awt/windows/WComponentPeer;Ljava/awt/Image;)Lsun/java2d/d3d/D3DSurfaceData;+117 java.desktop@15
j  sun.java2d.d3d.D3DVolatileSurfaceManager.initAcceleratedSurface()Lsun/java2d/SurfaceData;+68 java.desktop@15
j  sun.java2d.d3d.D3DVolatileSurfaceManager.restoreAcceleratedSurface()V+49 java.desktop@15
j  sun.awt.image.VolatileSurfaceManager.validate(Ljava/awt/GraphicsConfiguration;)I+94 java.desktop@15
j  sun.awt.image.SunVolatileImage.validate(Ljava/awt/GraphicsConfiguration;)I+5 java.desktop@15
j  java.awt.Component$FlipBufferStrategy.revalidate()V+85 java.desktop@15
j  java.awt.Component$FlipBufferStrategy.getDrawGraphics()Ljava/awt/Graphics;+1 java.desktop@15
j  game.Game.render()V+16
J 2648% c2 game.Game.run()V (109 bytes) @ 0x0000019087cb6e80 [0x0000019087cb6d60+0x0000000000000120]
j  java.lang.Thread.run()V+11 java.base@15
v  ~StubRoutines::call_stub

siginfo: EXCEPTION_ACCESS_VIOLATION (0xc0000005), writing address 0x0000000000000024


Register to memory mapping:

RIP=0x00007ff972ed5f86 ntdll.dll
RAX=0x0 is NULL
RBX=0x00000190a01fe288 points into unknown readable memory: 0x0000000000000000 | 00 00 00 00 00 00 00 00
RCX=0x00000190a01fe288 points into unknown readable memory: 0x0000000000000000 | 00 00 00 00 00 00 00 00
RDX=0x00000000fffffffa is an unknown value
RSP=0x000000415b40ebb0 is pointing into the stack for thread: 0x00000190a86e7140
RBP=0x0000000000010000 is an unknown value
RSI=0x0 is NULL
RDI=0x0 is NULL
R8 =0x0 is NULL
R9 =0x00000190a01fe200 points into unknown readable memory: 0x0000000000000000 | 00 00 00 00 00 00 00 00
R10=0x00000190a87b06d0 points into unknown readable memory: 0x0000001e00000003 | 03 00 00 00 1e 00 00 00
R11=0x00000190aacff350 points into unknown readable memory: 0x00007ff937a93470 | 70 34 a9 37 f9 7f 00 00
R12=0x0 is NULL
R13=0x0000004157858000 points into unknown readable memory: 0x0000000000000000 | 00 00 00 00 00 00 00 00
R14=0x0000000000000001 is an unknown value
R15=0x0 is NULL


Registers:
RAX=0x0000000000000000, RBX=0x00000190a01fe288, RCX=0x00000190a01fe288, RDX=0x00000000fffffffa
RSP=0x000000415b40ebb0, RBP=0x0000000000010000, RSI=0x0000000000000000, RDI=0x0000000000000000
R8 =0x0000000000000000, R9 =0x00000190a01fe200, R10=0x00000190a87b06d0, R11=0x00000190aacff350
R12=0x0000000000000000, R13=0x0000004157858000, R14=0x0000000000000001, R15=0x0000000000000000
RIP=0x00007ff972ed5f86, EFLAGS=0x0000000000010213

Top of Stack: (sp=0x000000415b40ebb0)
0x000000415b40ebb0:   ffffffffffffffff 00000190a01fe288
0x000000415b40ebc0:   0000000000000000 000000415b40eb78
0x000000415b40ebd0:   000000415b40ebb9 0000000800000005
0x000000415b40ebe0:   000001909f1bc000 0000000000000000
0x000000415b40ebf0:   0000b0d465e6b200 00000190fffffffa
0x000000415b40ec00:   0000004157858000 000000415b40eeb8
0x000000415b40ec10:   00000190a98a8fe0 0000000000000000
0x000000415b40ec20:   00000190a86e7140 00000190a86e7468
0x000000415b40ec30:   0000000000000000 00007ff90336ba5e
0x000000415b40ec40:   0000a29d0b692b4b 00000190a86e7468
0x000000415b40ec50:   00000190a86e7100 0000000000000001
0x000000415b40ec60:   0000000000000001 0000000000000001
0x000000415b40ec70:   0000000000000000 00000190a01fe288
0x000000415b40ec80:   0000000000010000 00007ff972eb15b4
0x000000415b40ec90:   000001905b40e700 00000190a86e7140
0x000000415b40eca0:   00000000fffffffa 00007ff9034e1975 

Instructions: (pc=0x00007ff972ed5f86)
0x00007ff972ed5e86:   00 48 8b 50 18 80 7a 48 00 75 0b 33 d2 48 83 c4
0x00007ff972ed5e96:   28 e9 9c f5 ff ff e8 9b c1 0c 00 b8 0d 00 00 c0
0x00007ff972ed5ea6:   48 83 c4 28 c3 cc cc cc cc cc cc cc cc cc cc cc
0x00007ff972ed5eb6:   cc cc cc cc cc cc cc cc cc cc 48 83 ec 38 8b 05
0x00007ff972ed5ec6:   62 3c 12 00 89 44 24 20 e8 41 02 00 00 48 83 c4
0x00007ff972ed5ed6:   38 c3 cc cc cc cc cc cc cc cc 48 89 5c 24 18 55
0x00007ff972ed5ee6:   56 57 41 54 41 55 41 56 41 57 48 81 ec a0 00 00
0x00007ff972ed5ef6:   00 48 8b 05 f2 d5 13 00 48 33 c4 48 89 84 24 90
0x00007ff972ed5f06:   00 00 00 65 4c 8b 2c 25 30 00 00 00 48 8d 05 df
0x00007ff972ed5f16:   f5 11 00 40 32 ed 89 54 24 48 33 f6 40 88 6c 24
0x00007ff972ed5f26:   40 4c 89 6c 24 50 48 8b d9 44 8b e6 48 3b c8 0f
0x00007ff972ed5f36:   84 39 01 00 00 40 38 35 c6 55 12 00 0f 85 a8 01
0x00007ff972ed5f46:   00 00 39 35 da 55 12 00 0f 85 6a 01 00 00 40 38
0x00007ff972ed5f56:   35 9d 50 12 00 48 8d 3d 9e 50 12 00 48 0f 45 fe
0x00007ff972ed5f66:   48 39 73 18 0f 84 d2 00 00 00 48 8b 03 48 83 f8
0x00007ff972ed5f76:   ff 0f 84 d2 00 00 00 44 8b fe 48 83 f8 ff 74 03
0x00007ff972ed5f86:   ff 40 24 4c 8b 73 18 4c 8d 2d 64 f5 11 00 bd 22
0x00007ff972ed5f96:   17 00 00 e8 22 fe fc ff 85 c0 0f 85 bc 17 07 00
0x00007ff972ed5fa6:   b9 82 03 fe 7f 80 39 00 0f 85 ca 17 07 00 49 83
0x00007ff972ed5fb6:   fe ff 0f 85 58 18 07 00 4c 8b cf c7 44 24 20 00
0x00007ff972ed5fc6:   00 00 00 41 b8 04 00 00 00 48 8d 54 24 48 48 8d
0x00007ff972ed5fd6:   4b 08 e8 37 01 00 00 3d 02 01 00 00 0f 84 41 18
0x00007ff972ed5fe6:   07 00 8b 4b 08 89 4c 24 48 f6 c1 02 75 ca 3d 02
0x00007ff972ed5ff6:   01 00 00 0f 84 2a 18 07 00 0f b6 6c 24 40 4c 8b
0x00007ff972ed6006:   6c 24 50 85 c0 0f 88 76 19 07 00 40 84 ed 75 73
0x00007ff972ed6016:   48 8b 8c 24 90 00 00 00 48 33 cc e8 ba 55 04 00
0x00007ff972ed6026:   48 8b 9c 24 f0 00 00 00 48 81 c4 a0 00 00 00 41
0x00007ff972ed6036:   5f 41 5e 41 5d 41 5c 5f 5e 5d c3 cc 48 8b cb e8
0x00007ff972ed6046:   76 05 00 00 e9 21 ff ff ff 8b 4b 20 48 c7 c0 ff
0x00007ff972ed6056:   ff ff ff 48 0f ba e1 18 0f 82 19 ff ff ff 48 8b
0x00007ff972ed6066:   cb e8 04 56 fc ff 48 8b 03 e9 09 ff ff ff c6 44
0x00007ff972ed6076:   24 40 01 41 c7 85 60 17 00 00 01 00 00 00 e9 b2 


Stack slot to memory mapping:
stack at sp + 0 slots: 0xffffffffffffffff is an unknown value
stack at sp + 1 slots: 0x00000190a01fe288 points into unknown readable memory: 0x0000000000000000 | 00 00 00 00 00 00 00 00
stack at sp + 2 slots: 0x0 is NULL
stack at sp + 3 slots: 0x000000415b40eb78 is pointing into the stack for thread: 0x00000190a86e7140
stack at sp + 4 slots: 0x000000415b40ebb9 is pointing into the stack for thread: 0x00000190a86e7140
stack at sp + 5 slots: 0x0000000800000005 is pointing into metadata
stack at sp + 6 slots: 0x000001909f1bc000 is pointing into metadata
stack at sp + 7 slots: 0x0 is NULL


---------------  P R O C E S S  ---------------

Threads class SMR info:
_java_thread_list=0x00000190aad25120, length=21, elements={
0x00000190ff917200, 0x00000190ff917be0, 0x00000190ff92dad0, 0x00000190ff9303a0,
0x00000190ff930c60, 0x00000190ff932910, 0x00000190ff93c6e0, 0x00000190ff9404e0,
0x00000190ffac4e50, 0x00000190ffba1b30, 0x00000190ffba2000, 0x000001909f87a330,
0x00000190a02bbdc0, 0x00000190a86e8480, 0x00000190a86e97c0, 0x00000190a86e8e20,
0x00000190a86e92f0, 0x00000190a86ea160, 0x00000190a86ea630, 0x00000190a86e7140,
0x00000190ffbc6130
}

Java Threads: ( => current thread )
  0x00000190ff917200 JavaThread "Reference Handler" daemon [_thread_blocked, id=14844, stack(0x0000004158500000,0x0000004158600000)]
  0x00000190ff917be0 JavaThread "Finalizer" daemon [_thread_blocked, id=1400, stack(0x0000004158600000,0x0000004158700000)]
  0x00000190ff92dad0 JavaThread "Signal Dispatcher" daemon [_thread_blocked, id=17372, stack(0x0000004158700000,0x0000004158800000)]
  0x00000190ff9303a0 JavaThread "Attach Listener" daemon [_thread_blocked, id=20740, stack(0x0000004158800000,0x0000004158900000)]
  0x00000190ff930c60 JavaThread "Service Thread" daemon [_thread_blocked, id=21904, stack(0x0000004158900000,0x0000004158a00000)]
  0x00000190ff932910 JavaThread "C2 CompilerThread0" daemon [_thread_blocked, id=22428, stack(0x0000004158a00000,0x0000004158b00000)]
  0x00000190ff93c6e0 JavaThread "C1 CompilerThread0" daemon [_thread_blocked, id=22156, stack(0x0000004158b00000,0x0000004158c00000)]
  0x00000190ff9404e0 JavaThread "Sweeper thread" daemon [_thread_blocked, id=15952, stack(0x0000004158c00000,0x0000004158d00000)]
  0x00000190ffac4e50 JavaThread "Common-Cleaner" daemon [_thread_blocked, id=21148, stack(0x0000004158d00000,0x0000004158e00000)]
  0x00000190ffba1b30 JavaThread "Monitor Ctrl-Break" daemon [_thread_in_native, id=15408, stack(0x0000004158f00000,0x0000004159000000)]
  0x00000190ffba2000 JavaThread "Notification Thread" daemon [_thread_blocked, id=9012, stack(0x0000004159000000,0x0000004159100000)]
  0x000001909f87a330 JavaThread "Java2D Disposer" daemon [_thread_blocked, id=20016, stack(0x0000004159200000,0x0000004159300000)]
  0x00000190a02bbdc0 JavaThread "AWT-Shutdown" [_thread_blocked, id=8684, stack(0x0000004159400000,0x0000004159500000)]
  0x00000190a86e8480 JavaThread "AWT-EventQueue-0" [_thread_blocked, id=6788, stack(0x000000415a800000,0x000000415a900000)]
  0x00000190a86e97c0 JavaThread "DestroyJavaVM" [_thread_blocked, id=15596, stack(0x0000004157e00000,0x0000004157f00000)]
  0x00000190a86e8e20 JavaThread "Java Sound Event Dispatcher" daemon [_thread_blocked, id=13280, stack(0x0000004159300000,0x0000004159400000)]
  0x00000190a86e92f0 JavaThread "Direct Clip" daemon [_thread_blocked, id=18476, stack(0x000000415ae10000,0x000000415af10000)]
  0x00000190a86ea160 JavaThread "Direct Clip" daemon [_thread_blocked, id=20412, stack(0x000000415b110000,0x000000415b210000)]
  0x00000190a86ea630 JavaThread "Direct Clip" daemon [_thread_blocked, id=20220, stack(0x000000415b210000,0x000000415b310000)]
=>0x00000190a86e7140 JavaThread "Thread-0" [_thread_in_native, id=19584, stack(0x000000415b310000,0x000000415b410000)]
  0x00000190ffbc6130 JavaThread "ToolkitShutdown" daemon [_thread_in_native, id=21956, stack(0x0000004157c00000,0x0000004157d00000)]

Other Threads:
  0x00000190ff914b60 VMThread "VM Thread" [stack: 0x0000004158400000,0x0000004158500000] [id=8576]
  0x00000190f0de0ed0 WatcherThread [stack: 0x0000004159100000,0x0000004159200000] [id=20216]
  0x00000190f0e58a90 GCTaskThread "GC Thread#0" [stack: 0x0000004157f00000,0x0000004158000000] [id=13036]
  0x000001909f882c50 GCTaskThread "GC Thread#1" [stack: 0x0000004159500000,0x0000004159600000] [id=20168]
  0x000001909f880fa0 GCTaskThread "GC Thread#2" [stack: 0x0000004159600000,0x0000004159700000] [id=11708]
  0x000001909f8812d0 GCTaskThread "GC Thread#3" [stack: 0x0000004159700000,0x0000004159800000] [id=7892]
  0x000001909f881600 GCTaskThread "GC Thread#4" [stack: 0x0000004159800000,0x0000004159900000] [id=6992]
  0x000001909f880610 GCTaskThread "GC Thread#5" [stack: 0x0000004159900000,0x0000004159a00000] [id=8704]
  0x000001909f880940 GCTaskThread "GC Thread#6" [stack: 0x0000004159a00000,0x0000004159b00000] [id=19144]
  0x000001909f881930 GCTaskThread "GC Thread#7" [stack: 0x0000004159b00000,0x0000004159c00000] [id=16160]
  0x000001909f881f90 GCTaskThread "GC Thread#8" [stack: 0x0000004159c00000,0x0000004159d00000] [id=17076]
  0x000001909f881c60 GCTaskThread "GC Thread#9" [stack: 0x0000004159d00000,0x0000004159e00000] [id=15448]
  0x000001909f880c70 GCTaskThread "GC Thread#10" [stack: 0x0000004159e00000,0x0000004159f00000] [id=11284]
  0x000001909f8822c0 GCTaskThread "GC Thread#11" [stack: 0x0000004159f00000,0x000000415a000000] [id=21104]
  0x00000190f0e69be0 ConcurrentGCThread "G1 Main Marker" [stack: 0x0000004158000000,0x0000004158100000] [id=19516]
  0x00000190f0e6aef0 ConcurrentGCThread "G1 Conc#0" [stack: 0x0000004158100000,0x0000004158200000] [id=21212]
  0x00000190f0ebd650 ConcurrentGCThread "G1 Refine#0" [stack: 0x0000004158200000,0x0000004158300000] [id=19220]
  0x00000190ff80f150 ConcurrentGCThread "G1 Young RemSet Sampling" [stack: 0x0000004158300000,0x0000004158400000] [id=21780]

Threads with active compile tasks:

VM state: not at safepoint (normal execution)

VM Mutex/Monitor currently owned by a thread: None

Heap address: 0x0000000601000000, size: 8176 MB, Compressed Oops mode: Zero based, Oop shift amount: 3
CDS archive(s) mapped at: [0x0000000800000000-0x0000000800b50000-0x0000000800b50000), size 11862016, SharedBaseAddress: 0x0000000800000000, ArchiveRelocationMode: 0.
Compressed class space mapped at: 0x0000000800b50000-0x0000000840b50000, size: 1073741824
Narrow klass base: 0x0000000800000000, Narrow klass shift: 3, Narrow klass range: 0x100000000

GC Precious Log:
 CPUs: 16 total, 16 available
 Memory: 32690M
 Large Page Support: Disabled
 NUMA Support: Disabled
 Compressed Oops: Enabled (Zero based)
 Heap Region Size: 4M
 Heap Min Capacity: 8M
 Heap Initial Capacity: 512M
 Heap Max Capacity: 8176M
 Pre-touch: Disabled
 Parallel Workers: 13
 Concurrent Workers: 3
 Concurrent Refinement Workers: 13
 Periodic GC: Disabled

Heap:
 garbage-first heap   total 524288K, used 125419K [0x0000000601000000, 0x0000000800000000)
  region size 4096K, 26 young (106496K), 4 survivors (16384K)
 Metaspace       used 12705K, capacity 12932K, committed 13184K, reserved 1060864K
  class space    used 1289K, capacity 1369K, committed 1408K, reserved 1048576K

Heap Regions: E=young(eden), S=young(survivor), O=old, HS=humongous(starts), HC=humongous(continues), CS=collection set, F=free, OA=open archive, CA=closed archive, TAMS=top-at-mark-start (previous, next)
|   0|0x0000000601000000, 0x0000000601400000, 0x0000000601400000|100%| O|  |TAMS 0x0000000601000000, 0x0000000601000000| Untracked 
|   1|0x0000000601400000, 0x0000000601800000, 0x0000000601800000|100%| O|  |TAMS 0x0000000601400000, 0x0000000601400000| Untracked 
|   2|0x0000000601800000, 0x0000000601c00000, 0x0000000601c00000|100%| O|  |TAMS 0x0000000601800000, 0x0000000601800000| Untracked 
|   3|0x0000000601c00000, 0x0000000602000000, 0x0000000602000000|100%| O|  |TAMS 0x0000000601c00000, 0x0000000601c00000| Untracked 
|   4|0x0000000602000000, 0x0000000602400000, 0x0000000602400000|100%| O|  |TAMS 0x0000000602000000, 0x0000000602000000| Untracked 
|   5|0x0000000602400000, 0x0000000602800000, 0x0000000602800000|100%| O|  |TAMS 0x0000000602400000, 0x0000000602400000| Untracked 
|   6|0x0000000602800000, 0x00000006029df600, 0x0000000602c00000| 46%| O|  |TAMS 0x0000000602800000, 0x0000000602800000| Untracked 
|   7|0x0000000602c00000, 0x0000000602c00000, 0x0000000603000000|  0%| F|  |TAMS 0x0000000602c00000, 0x0000000602c00000| Untracked 
|   8|0x0000000603000000, 0x0000000603000000, 0x0000000603400000|  0%| F|  |TAMS 0x0000000603000000, 0x0000000603000000| Untracked 
|   9|0x0000000603400000, 0x0000000603400000, 0x0000000603800000|  0%| F|  |TAMS 0x0000000603400000, 0x0000000603400000| Untracked 
|  10|0x0000000603800000, 0x0000000603800000, 0x0000000603c00000|  0%| F|  |TAMS 0x0000000603800000, 0x0000000603800000| Untracked 
|  11|0x0000000603c00000, 0x0000000603c00000, 0x0000000604000000|  0%| F|  |TAMS 0x0000000603c00000, 0x0000000603c00000| Untracked 
|  12|0x0000000604000000, 0x0000000604000000, 0x0000000604400000|  0%| F|  |TAMS 0x0000000604000000, 0x0000000604000000| Untracked 
|  13|0x0000000604400000, 0x0000000604400000, 0x0000000604800000|  0%| F|  |TAMS 0x0000000604400000, 0x0000000604400000| Untracked 
|  14|0x0000000604800000, 0x0000000604800000, 0x0000000604c00000|  0%| F|  |TAMS 0x0000000604800000, 0x0000000604800000| Untracked 
|  15|0x0000000604c00000, 0x0000000604c00000, 0x0000000605000000|  0%| F|  |TAMS 0x0000000604c00000, 0x0000000604c00000| Untracked 
|  16|0x0000000605000000, 0x0000000605000000, 0x0000000605400000|  0%| F|  |TAMS 0x0000000605000000, 0x0000000605000000| Untracked 
|  17|0x0000000605400000, 0x0000000605400000, 0x0000000605800000|  0%| F|  |TAMS 0x0000000605400000, 0x0000000605400000| Untracked 
|  18|0x0000000605800000, 0x0000000605800000, 0x0000000605c00000|  0%| F|  |TAMS 0x0000000605800000, 0x0000000605800000| Untracked 
|  19|0x0000000605c00000, 0x0000000605c00000, 0x0000000606000000|  0%| F|  |TAMS 0x0000000605c00000, 0x0000000605c00000| Untracked 
|  20|0x0000000606000000, 0x0000000606000000, 0x0000000606400000|  0%| F|  |TAMS 0x0000000606000000, 0x0000000606000000| Untracked 
|  21|0x0000000606400000, 0x0000000606400000, 0x0000000606800000|  0%| F|  |TAMS 0x0000000606400000, 0x0000000606400000| Untracked 
|  22|0x0000000606800000, 0x0000000606800000, 0x0000000606c00000|  0%| F|  |TAMS 0x0000000606800000, 0x0000000606800000| Untracked 
|  23|0x0000000606c00000, 0x0000000606c00000, 0x0000000607000000|  0%| F|  |TAMS 0x0000000606c00000, 0x0000000606c00000| Untracked 
|  24|0x0000000607000000, 0x0000000607000000, 0x0000000607400000|  0%| F|  |TAMS 0x0000000607000000, 0x0000000607000000| Untracked 
|  25|0x0000000607400000, 0x0000000607400000, 0x0000000607800000|  0%| F|  |TAMS 0x0000000607400000, 0x0000000607400000| Untracked 
|  26|0x0000000607800000, 0x0000000607800000, 0x0000000607c00000|  0%| F|  |TAMS 0x0000000607800000, 0x0000000607800000| Untracked 
|  27|0x0000000607c00000, 0x0000000607c00000, 0x0000000608000000|  0%| F|  |TAMS 0x0000000607c00000, 0x0000000607c00000| Untracked 
|  28|0x0000000608000000, 0x0000000608000000, 0x0000000608400000|  0%| F|  |TAMS 0x0000000608000000, 0x0000000608000000| Untracked 
|  29|0x0000000608400000, 0x0000000608400000, 0x0000000608800000|  0%| F|  |TAMS 0x0000000608400000, 0x0000000608400000| Untracked 
|  30|0x0000000608800000, 0x0000000608800000, 0x0000000608c00000|  0%| F|  |TAMS 0x0000000608800000, 0x0000000608800000| Untracked 
|  31|0x0000000608c00000, 0x0000000608c00000, 0x0000000609000000|  0%| F|  |TAMS 0x0000000608c00000, 0x0000000608c00000| Untracked 
|  32|0x0000000609000000, 0x0000000609000000, 0x0000000609400000|  0%| F|  |TAMS 0x0000000609000000, 0x0000000609000000| Untracked 
|  33|0x0000000609400000, 0x0000000609400000, 0x0000000609800000|  0%| F|  |TAMS 0x0000000609400000, 0x0000000609400000| Untracked 
|  34|0x0000000609800000, 0x0000000609800000, 0x0000000609c00000|  0%| F|  |TAMS 0x0000000609800000, 0x0000000609800000| Untracked 
|  35|0x0000000609c00000, 0x0000000609c00000, 0x000000060a000000|  0%| F|  |TAMS 0x0000000609c00000, 0x0000000609c00000| Untracked 
|  36|0x000000060a000000, 0x000000060a000000, 0x000000060a400000|  0%| F|  |TAMS 0x000000060a000000, 0x000000060a000000| Untracked 
|  37|0x000000060a400000, 0x000000060a400000, 0x000000060a800000|  0%| F|  |TAMS 0x000000060a400000, 0x000000060a400000| Untracked 
|  38|0x000000060a800000, 0x000000060a800000, 0x000000060ac00000|  0%| F|  |TAMS 0x000000060a800000, 0x000000060a800000| Untracked 
|  39|0x000000060ac00000, 0x000000060ac00000, 0x000000060b000000|  0%| F|  |TAMS 0x000000060ac00000, 0x000000060ac00000| Untracked 
|  40|0x000000060b000000, 0x000000060b000000, 0x000000060b400000|  0%| F|  |TAMS 0x000000060b000000, 0x000000060b000000| Untracked 
|  41|0x000000060b400000, 0x000000060b400000, 0x000000060b800000|  0%| F|  |TAMS 0x000000060b400000, 0x000000060b400000| Untracked 
|  42|0x000000060b800000, 0x000000060b800000, 0x000000060bc00000|  0%| F|  |TAMS 0x000000060b800000, 0x000000060b800000| Untracked 
|  43|0x000000060bc00000, 0x000000060bc00000, 0x000000060c000000|  0%| F|  |TAMS 0x000000060bc00000, 0x000000060bc00000| Untracked 
|  44|0x000000060c000000, 0x000000060c000000, 0x000000060c400000|  0%| F|  |TAMS 0x000000060c000000, 0x000000060c000000| Untracked 
|  45|0x000000060c400000, 0x000000060c400000, 0x000000060c800000|  0%| F|  |TAMS 0x000000060c400000, 0x000000060c400000| Untracked 
|  46|0x000000060c800000, 0x000000060c800000, 0x000000060cc00000|  0%| F|  |TAMS 0x000000060c800000, 0x000000060c800000| Untracked 
|  47|0x000000060cc00000, 0x000000060cc00000, 0x000000060d000000|  0%| F|  |TAMS 0x000000060cc00000, 0x000000060cc00000| Untracked 
|  48|0x000000060d000000, 0x000000060d09b8e0, 0x000000060d400000| 15%| S|CS|TAMS 0x000000060d000000, 0x000000060d000000| Complete 
|  49|0x000000060d400000, 0x000000060d800000, 0x000000060d800000|100%| S|CS|TAMS 0x000000060d400000, 0x000000060d400000| Complete 
|  50|0x000000060d800000, 0x000000060dc00000, 0x000000060dc00000|100%| S|CS|TAMS 0x000000060d800000, 0x000000060d800000| Complete 
|  51|0x000000060dc00000, 0x000000060e000000, 0x000000060e000000|100%| S|CS|TAMS 0x000000060dc00000, 0x000000060dc00000| Complete 
|  52|0x000000060e000000, 0x000000060e000000, 0x000000060e400000|  0%| F|  |TAMS 0x000000060e000000, 0x000000060e000000| Untracked 
|  53|0x000000060e400000, 0x000000060e400000, 0x000000060e800000|  0%| F|  |TAMS 0x000000060e400000, 0x000000060e400000| Untracked 
|  54|0x000000060e800000, 0x000000060e800000, 0x000000060ec00000|  0%| F|  |TAMS 0x000000060e800000, 0x000000060e800000| Untracked 
|  55|0x000000060ec00000, 0x000000060ec00000, 0x000000060f000000|  0%| F|  |TAMS 0x000000060ec00000, 0x000000060ec00000| Untracked 
|  56|0x000000060f000000, 0x000000060f000000, 0x000000060f400000|  0%| F|  |TAMS 0x000000060f000000, 0x000000060f000000| Untracked 
|  57|0x000000060f400000, 0x000000060f400000, 0x000000060f800000|  0%| F|  |TAMS 0x000000060f400000, 0x000000060f400000| Untracked 
|  58|0x000000060f800000, 0x000000060f800000, 0x000000060fc00000|  0%| F|  |TAMS 0x000000060f800000, 0x000000060f800000| Untracked 
|  59|0x000000060fc00000, 0x000000060fc00000, 0x0000000610000000|  0%| F|  |TAMS 0x000000060fc00000, 0x000000060fc00000| Untracked 
|  60|0x0000000610000000, 0x0000000610000000, 0x0000000610400000|  0%| F|  |TAMS 0x0000000610000000, 0x0000000610000000| Untracked 
|  61|0x0000000610400000, 0x0000000610400000, 0x0000000610800000|  0%| F|  |TAMS 0x0000000610400000, 0x0000000610400000| Untracked 
|  62|0x0000000610800000, 0x0000000610800000, 0x0000000610c00000|  0%| F|  |TAMS 0x0000000610800000, 0x0000000610800000| Untracked 
|  63|0x0000000610c00000, 0x0000000610c00000, 0x0000000611000000|  0%| F|  |TAMS 0x0000000610c00000, 0x0000000610c00000| Untracked 
|  64|0x0000000611000000, 0x0000000611000000, 0x0000000611400000|  0%| F|  |TAMS 0x0000000611000000, 0x0000000611000000| Untracked 
|  65|0x0000000611400000, 0x0000000611400000, 0x0000000611800000|  0%| F|  |TAMS 0x0000000611400000, 0x0000000611400000| Untracked 
|  66|0x0000000611800000, 0x0000000611800000, 0x0000000611c00000|  0%| F|  |TAMS 0x0000000611800000, 0x0000000611800000| Untracked 
|  67|0x0000000611c00000, 0x0000000611c00000, 0x0000000612000000|  0%| F|  |TAMS 0x0000000611c00000, 0x0000000611c00000| Untracked 
|  68|0x0000000612000000, 0x0000000612000000, 0x0000000612400000|  0%| F|  |TAMS 0x0000000612000000, 0x0000000612000000| Untracked 
|  69|0x0000000612400000, 0x0000000612400000, 0x0000000612800000|  0%| F|  |TAMS 0x0000000612400000, 0x0000000612400000| Untracked 
|  70|0x0000000612800000, 0x0000000612800000, 0x0000000612c00000|  0%| F|  |TAMS 0x0000000612800000, 0x0000000612800000| Untracked 
|  71|0x0000000612c00000, 0x0000000612c00000, 0x0000000613000000|  0%| F|  |TAMS 0x0000000612c00000, 0x0000000612c00000| Untracked 
|  72|0x0000000613000000, 0x0000000613000000, 0x0000000613400000|  0%| F|  |TAMS 0x0000000613000000, 0x0000000613000000| Untracked 
|  73|0x0000000613400000, 0x0000000613400000, 0x0000000613800000|  0%| F|  |TAMS 0x0000000613400000, 0x0000000613400000| Untracked 
|  74|0x0000000613800000, 0x0000000613800000, 0x0000000613c00000|  0%| F|  |TAMS 0x0000000613800000, 0x0000000613800000| Untracked 
|  75|0x0000000613c00000, 0x0000000613c00000, 0x0000000614000000|  0%| F|  |TAMS 0x0000000613c00000, 0x0000000613c00000| Untracked 
|  76|0x0000000614000000, 0x0000000614000000, 0x0000000614400000|  0%| F|  |TAMS 0x0000000614000000, 0x0000000614000000| Untracked 
|  77|0x0000000614400000, 0x0000000614400000, 0x0000000614800000|  0%| F|  |TAMS 0x0000000614400000, 0x0000000614400000| Untracked 
|  78|0x0000000614800000, 0x0000000614800000, 0x0000000614c00000|  0%| F|  |TAMS 0x0000000614800000, 0x0000000614800000| Untracked 
|  79|0x0000000614c00000, 0x0000000614c00000, 0x0000000615000000|  0%| F|  |TAMS 0x0000000614c00000, 0x0000000614c00000| Untracked 
|  80|0x0000000615000000, 0x0000000615000000, 0x0000000615400000|  0%| F|  |TAMS 0x0000000615000000, 0x0000000615000000| Untracked 
|  81|0x0000000615400000, 0x0000000615400000, 0x0000000615800000|  0%| F|  |TAMS 0x0000000615400000, 0x0000000615400000| Untracked 
|  82|0x0000000615800000, 0x0000000615800000, 0x0000000615c00000|  0%| F|  |TAMS 0x0000000615800000, 0x0000000615800000| Untracked 
|  83|0x0000000615c00000, 0x0000000615c00000, 0x0000000616000000|  0%| F|  |TAMS 0x0000000615c00000, 0x0000000615c00000| Untracked 
|  84|0x0000000616000000, 0x0000000616000000, 0x0000000616400000|  0%| F|  |TAMS 0x0000000616000000, 0x0000000616000000| Untracked 
|  85|0x0000000616400000, 0x0000000616400000, 0x0000000616800000|  0%| F|  |TAMS 0x0000000616400000, 0x0000000616400000| Untracked 
|  86|0x0000000616800000, 0x0000000616800000, 0x0000000616c00000|  0%| F|  |TAMS 0x0000000616800000, 0x0000000616800000| Untracked 
|  87|0x0000000616c00000, 0x0000000616c00000, 0x0000000617000000|  0%| F|  |TAMS 0x0000000616c00000, 0x0000000616c00000| Untracked 
|  88|0x0000000617000000, 0x0000000617000000, 0x0000000617400000|  0%| F|  |TAMS 0x0000000617000000, 0x0000000617000000| Untracked 
|  89|0x0000000617400000, 0x0000000617400000, 0x0000000617800000|  0%| F|  |TAMS 0x0000000617400000, 0x0000000617400000| Untracked 
|  90|0x0000000617800000, 0x0000000617800000, 0x0000000617c00000|  0%| F|  |TAMS 0x0000000617800000, 0x0000000617800000| Untracked 
|  91|0x0000000617c00000, 0x0000000617c00000, 0x0000000618000000|  0%| F|  |TAMS 0x0000000617c00000, 0x0000000617c00000| Untracked 
|  92|0x0000000618000000, 0x0000000618000000, 0x0000000618400000|  0%| F|  |TAMS 0x0000000618000000, 0x0000000618000000| Untracked 
|  93|0x0000000618400000, 0x0000000618400000, 0x0000000618800000|  0%| F|  |TAMS 0x0000000618400000, 0x0000000618400000| Untracked 
|  94|0x0000000618800000, 0x0000000618800000, 0x0000000618c00000|  0%| F|  |TAMS 0x0000000618800000, 0x0000000618800000| Untracked 
|  95|0x0000000618c00000, 0x0000000618c00000, 0x0000000619000000|  0%| F|  |TAMS 0x0000000618c00000, 0x0000000618c00000| Untracked 
|  96|0x0000000619000000, 0x0000000619000000, 0x0000000619400000|  0%| F|  |TAMS 0x0000000619000000, 0x0000000619000000| Untracked 
|  97|0x0000000619400000, 0x0000000619400000, 0x0000000619800000|  0%| F|  |TAMS 0x0000000619400000, 0x0000000619400000| Untracked 
|  98|0x0000000619800000, 0x0000000619800000, 0x0000000619c00000|  0%| F|  |TAMS 0x0000000619800000, 0x0000000619800000| Untracked 
|  99|0x0000000619c00000, 0x0000000619c00000, 0x000000061a000000|  0%| F|  |TAMS 0x0000000619c00000, 0x0000000619c00000| Untracked 
| 100|0x000000061a000000, 0x000000061a000000, 0x000000061a400000|  0%| F|  |TAMS 0x000000061a000000, 0x000000061a000000| Untracked 
| 101|0x000000061a400000, 0x000000061a400000, 0x000000061a800000|  0%| F|  |TAMS 0x000000061a400000, 0x000000061a400000| Untracked 
| 102|0x000000061a800000, 0x000000061a800000, 0x000000061ac00000|  0%| F|  |TAMS 0x000000061a800000, 0x000000061a800000| Untracked 
| 103|0x000000061ac00000, 0x000000061ac00000, 0x000000061b000000|  0%| F|  |TAMS 0x000000061ac00000, 0x000000061ac00000| Untracked 
| 104|0x000000061b000000, 0x000000061b000000, 0x000000061b400000|  0%| F|  |TAMS 0x000000061b000000, 0x000000061b000000| Untracked 
| 105|0x000000061b400000, 0x000000061b400000, 0x000000061b800000|  0%| F|  |TAMS 0x000000061b400000, 0x000000061b400000| Untracked 
| 106|0x000000061b800000, 0x000000061ba00800, 0x000000061bc00000| 50%| E|  |TAMS 0x000000061b800000, 0x000000061b800000| Complete 
| 107|0x000000061bc00000, 0x000000061c000000, 0x000000061c000000|100%| E|CS|TAMS 0x000000061bc00000, 0x000000061bc00000| Complete 
| 108|0x000000061c000000, 0x000000061c400000, 0x000000061c400000|100%| E|CS|TAMS 0x000000061c000000, 0x000000061c000000| Complete 
| 109|0x000000061c400000, 0x000000061c800000, 0x000000061c800000|100%| E|CS|TAMS 0x000000061c400000, 0x000000061c400000| Complete 
| 110|0x000000061c800000, 0x000000061cc00000, 0x000000061cc00000|100%| E|CS|TAMS 0x000000061c800000, 0x000000061c800000| Complete 
| 111|0x000000061cc00000, 0x000000061d000000, 0x000000061d000000|100%| E|CS|TAMS 0x000000061cc00000, 0x000000061cc00000| Complete 
| 112|0x000000061d000000, 0x000000061d400000, 0x000000061d400000|100%| E|CS|TAMS 0x000000061d000000, 0x000000061d000000| Complete 
| 113|0x000000061d400000, 0x000000061d800000, 0x000000061d800000|100%| E|CS|TAMS 0x000000061d400000, 0x000000061d400000| Complete 
| 114|0x000000061d800000, 0x000000061dc00000, 0x000000061dc00000|100%| E|CS|TAMS 0x000000061d800000, 0x000000061d800000| Complete 
| 115|0x000000061dc00000, 0x000000061e000000, 0x000000061e000000|100%| E|CS|TAMS 0x000000061dc00000, 0x000000061dc00000| Complete 
| 116|0x000000061e000000, 0x000000061e400000, 0x000000061e400000|100%| E|CS|TAMS 0x000000061e000000, 0x000000061e000000| Complete 
| 117|0x000000061e400000, 0x000000061e800000, 0x000000061e800000|100%| E|CS|TAMS 0x000000061e400000, 0x000000061e400000| Complete 
| 118|0x000000061e800000, 0x000000061ec00000, 0x000000061ec00000|100%| E|CS|TAMS 0x000000061e800000, 0x000000061e800000| Complete 
| 119|0x000000061ec00000, 0x000000061f000000, 0x000000061f000000|100%| E|CS|TAMS 0x000000061ec00000, 0x000000061ec00000| Complete 
| 120|0x000000061f000000, 0x000000061f400000, 0x000000061f400000|100%| E|CS|TAMS 0x000000061f000000, 0x000000061f000000| Complete 
| 121|0x000000061f400000, 0x000000061f800000, 0x000000061f800000|100%| E|CS|TAMS 0x000000061f400000, 0x000000061f400000| Complete 
| 122|0x000000061f800000, 0x000000061fc00000, 0x000000061fc00000|100%| E|CS|TAMS 0x000000061f800000, 0x000000061f800000| Complete 
| 123|0x000000061fc00000, 0x0000000620000000, 0x0000000620000000|100%| E|CS|TAMS 0x000000061fc00000, 0x000000061fc00000| Complete 
| 124|0x0000000620000000, 0x0000000620400000, 0x0000000620400000|100%| E|CS|TAMS 0x0000000620000000, 0x0000000620000000| Complete 
| 125|0x0000000620400000, 0x0000000620800000, 0x0000000620800000|100%| E|CS|TAMS 0x0000000620400000, 0x0000000620400000| Complete 
| 126|0x0000000620800000, 0x0000000620c00000, 0x0000000620c00000|100%| E|CS|TAMS 0x0000000620800000, 0x0000000620800000| Complete 
| 127|0x0000000620c00000, 0x0000000621000000, 0x0000000621000000|100%| E|CS|TAMS 0x0000000620c00000, 0x0000000620c00000| Complete 

Card table byte_map: [0x00000190fa8c0000,0x00000190fb8c0000] _byte_map_base: 0x00000190f78b8000

Marking Bits (Prev, Next): (CMBitMap*) 0x00000190f0e59200, (CMBitMap*) 0x00000190f0e59240
 Prev Bits: [0x000001908f000000, 0x0000019096fc0000)
 Next Bits: [0x0000019096fc0000, 0x000001909ef80000)

Polling page: 0x00000190eec70000

Metaspace:

Usage:
  Non-class:     11.29 MB capacity,    11.15 MB ( 99%) used,   128.55 KB (  1%) free+waste,    19.38 KB ( <1%) overhead. 
      Class:      1.34 MB capacity,     1.26 MB ( 94%) used,    71.90 KB (  5%) free+waste,     7.12 KB ( <1%) overhead. 
       Both:     12.63 MB capacity,    12.41 MB ( 98%) used,   200.45 KB (  2%) free+waste,    26.50 KB ( <1%) overhead. 

Virtual space:
  Non-class space:       12.00 MB reserved,      11.50 MB ( 96%) committed 
      Class space:        1.00 GB reserved,       1.38 MB ( <1%) committed 
             Both:        1.01 GB reserved,      12.88 MB (  1%) committed 

Chunk freelists:
   Non-Class:  21.00 KB
       Class:  7.00 KB
        Both:  28.00 KB

MaxMetaspaceSize: 17179869184.00 GB
CompressedClassSpaceSize: 1.00 GB

CodeHeap 'non-profiled nmethods': size=119168Kb used=2026Kb max_used=2026Kb free=117141Kb
 bounds [0x0000019087ba0000, 0x0000019087e10000, 0x000001908f000000]
CodeHeap 'profiled nmethods': size=119104Kb used=5469Kb max_used=5469Kb free=113634Kb
 bounds [0x0000019080750000, 0x0000019080cb0000, 0x0000019087ba0000]
CodeHeap 'non-nmethods': size=7488Kb used=1344Kb max_used=3068Kb free=6143Kb
 bounds [0x0000019080000000, 0x0000019080310000, 0x0000019080750000]
 total_blobs=3678 nmethods=3030 adapters=560
 compilation: enabled
              stopped_count=0, restarted_count=0
 full_count=0

Compilation events (20 events):
Event: 109.357 Thread 0x00000190ff932910 3021       4       game.entities.areas.GameEndingObject::tick (105 bytes)
Event: 109.375 Thread 0x00000190ff932910 nmethod 3021 0x0000019087d94910 code [0x0000019087d94ae0, 0x0000019087d954d8]
Event: 109.375 Thread 0x00000190ff932910 3022       4       game.ProgressBarController::tick (100 bytes)
Event: 109.376 Thread 0x00000190a0df6b30 3026       4       game.entities.players.Player::render (103 bytes)
Event: 109.376 Thread 0x00000190aad5e5d0 3027       4       game.entities.players.Player::renderAnim (98 bytes)
Event: 109.381 Thread 0x00000190ff932910 nmethod 3022 0x0000019087d95d90 code [0x0000019087d95f60, 0x0000019087d96368]
Event: 109.381 Thread 0x00000190ff932910 3024       4       game.entities.areas.RespawnPoint::render (15 bytes)
Event: 109.381 Thread 0x00000190ff932910 nmethod 3024 0x0000019087d96790 code [0x0000019087d96900, 0x0000019087d96998]
Event: 109.381 Thread 0x00000190ff932910 3025       4       game.entities.areas.EventDamageZone::render (170 bytes)
Event: 109.381 Thread 0x00000190aad5e5d0 nmethod 3027 0x0000019087d96a90 code [0x0000019087d96c60, 0x0000019087d97318]
Event: 109.381 Thread 0x00000190aad5e5d0 3023   !   4       game.UIController::tick (253 bytes)
Event: 109.381 Thread 0x00000190ff932910 nmethod 3025 0x0000019087d97910 code [0x0000019087d97a80, 0x0000019087d97b58]
Event: 109.382 Thread 0x00000190a0df6b30 nmethod 3026 0x0000019087d97c10 code [0x0000019087d97de0, 0x0000019087d984d8]
Event: 109.391 Thread 0x00000190aad5e5d0 nmethod 3023 0x0000019087d98b10 code [0x0000019087d98d60, 0x0000019087d99cd0]
Event: 124.812 Thread 0x00000190ff93c6e0 3028 % !   3       java.lang.ref.Reference::processPendingReferences @ 27 (132 bytes)
Event: 124.812 Thread 0x00000190ff93c6e0 nmethod 3028% 0x0000019080ca5890 code [0x0000019080ca5ae0, 0x0000019080ca6478]
Event: 124.813 Thread 0x00000190ff93c6e0 3029   !   3       java.lang.ref.Reference::processPendingReferences (132 bytes)
Event: 124.813 Thread 0x00000190ff93c6e0 nmethod 3029 0x0000019080ca6790 code [0x0000019080ca69e0, 0x0000019080ca7338]
Event: 126.442 Thread 0x00000190ff932910 3030       4       game.Blip::render (24 bytes)
Event: 126.442 Thread 0x00000190ff932910 nmethod 3030 0x0000019087d9a790 code [0x0000019087d9a940, 0x0000019087d9aa48]

GC Heap History (18 events):
Event: 0.352 GC heap before
{Heap before GC invocations=0 (full 0):
 garbage-first heap   total 524288K, used 20480K [0x0000000601000000, 0x0000000800000000)
  region size 4096K, 6 young (24576K), 0 survivors (0K)
 Metaspace       used 4303K, capacity 4772K, committed 4864K, reserved 1056768K
  class space    used 401K, capacity 454K, committed 512K, reserved 1048576K
}
Event: 0.354 GC heap after
{Heap after GC invocations=1 (full 0):
 garbage-first heap   total 524288K, used 8595K [0x0000000601000000, 0x0000000800000000)
  region size 4096K, 1 young (4096K), 1 survivors (4096K)
 Metaspace       used 4303K, capacity 4772K, committed 4864K, reserved 1056768K
  class space    used 401K, capacity 454K, committed 512K, reserved 1048576K
}
Event: 0.484 GC heap before
{Heap before GC invocations=1 (full 0):
 garbage-first heap   total 524288K, used 29075K [0x0000000601000000, 0x0000000800000000)
  region size 4096K, 6 young (24576K), 1 survivors (4096K)
 Metaspace       used 4310K, capacity 4772K, committed 4864K, reserved 1056768K
  class space    used 401K, capacity 454K, committed 512K, reserved 1048576K
}
Event: 0.485 GC heap after
{Heap after GC invocations=2 (full 0):
 garbage-first heap   total 524288K, used 22406K [0x0000000601000000, 0x0000000800000000)
  region size 4096K, 1 young (4096K), 1 survivors (4096K)
 Metaspace       used 4310K, capacity 4772K, committed 4864K, reserved 1056768K
  class space    used 401K, capacity 454K, committed 512K, reserved 1048576K
}
Event: 1.134 GC heap before
{Heap before GC invocations=2 (full 0):
 garbage-first heap   total 524288K, used 51078K [0x0000000601000000, 0x0000000800000000)
  region size 4096K, 9 young (36864K), 1 survivors (4096K)
 Metaspace       used 10996K, capacity 11211K, committed 11520K, reserved 1058816K
  class space    used 1153K, capacity 1201K, committed 1280K, reserved 1048576K
}
Event: 1.137 GC heap after
{Heap after GC invocations=3 (full 0):
 garbage-first heap   total 524288K, used 30574K [0x0000000601000000, 0x0000000800000000)
  region size 4096K, 2 young (8192K), 2 survivors (8192K)
 Metaspace       used 10996K, capacity 11211K, committed 11520K, reserved 1058816K
  class space    used 1153K, capacity 1201K, committed 1280K, reserved 1048576K
}
Event: 6.824 GC heap before
{Heap before GC invocations=3 (full 0):
 garbage-first heap   total 524288K, used 100206K [0x0000000601000000, 0x0000000800000000)
  region size 4096K, 20 young (81920K), 2 survivors (8192K)
 Metaspace       used 12631K, capacity 12804K, committed 12928K, reserved 1060864K
  class space    used 1288K, capacity 1369K, committed 1408K, reserved 1048576K
}
Event: 6.827 GC heap after
{Heap after GC invocations=4 (full 0):
 garbage-first heap   total 524288K, used 38781K [0x0000000601000000, 0x0000000800000000)
  region size 4096K, 3 young (12288K), 3 survivors (12288K)
 Metaspace       used 12631K, capacity 12804K, committed 12928K, reserved 1060864K
  class space    used 1288K, capacity 1369K, committed 1408K, reserved 1048576K
}
Event: 36.057 GC heap before
{Heap before GC invocations=4 (full 0):
 garbage-first heap   total 524288K, used 337789K [0x0000000601000000, 0x0000000800000000)
  region size 4096K, 76 young (311296K), 3 survivors (12288K)
 Metaspace       used 12699K, capacity 12932K, committed 13184K, reserved 1060864K
  class space    used 1288K, capacity 1369K, committed 1408K, reserved 1048576K
}
Event: 36.060 GC heap after
{Heap after GC invocations=5 (full 0):
 garbage-first heap   total 524288K, used 39160K [0x0000000601000000, 0x0000000800000000)
  region size 4096K, 4 young (16384K), 4 survivors (16384K)
 Metaspace       used 12699K, capacity 12932K, committed 13184K, reserved 1060864K
  class space    used 1288K, capacity 1369K, committed 1408K, reserved 1048576K
}
Event: 65.607 GC heap before
{Heap before GC invocations=5 (full 0):
 garbage-first heap   total 524288K, used 334072K [0x0000000601000000, 0x0000000800000000)
  region size 4096K, 76 young (311296K), 4 survivors (16384K)
 Metaspace       used 12699K, capacity 12932K, committed 13184K, reserved 1060864K
  class space    used 1288K, capacity 1369K, committed 1408K, reserved 1048576K
}
Event: 65.609 GC heap after
{Heap after GC invocations=6 (full 0):
 garbage-first heap   total 524288K, used 39254K [0x0000000601000000, 0x0000000800000000)
  region size 4096K, 4 young (16384K), 4 survivors (16384K)
 Metaspace       used 12699K, capacity 12932K, committed 13184K, reserved 1060864K
  class space    used 1288K, capacity 1369K, committed 1408K, reserved 1048576K
}
Event: 95.174 GC heap before
{Heap before GC invocations=6 (full 0):
 garbage-first heap   total 524288K, used 334166K [0x0000000601000000, 0x0000000800000000)
  region size 4096K, 76 young (311296K), 4 survivors (16384K)
 Metaspace       used 12699K, capacity 12932K, committed 13184K, reserved 1060864K
  class space    used 1288K, capacity 1369K, committed 1408K, reserved 1048576K
}
Event: 95.176 GC heap after
{Heap after GC invocations=7 (full 0):
 garbage-first heap   total 524288K, used 39337K [0x0000000601000000, 0x0000000800000000)
  region size 4096K, 4 young (16384K), 4 survivors (16384K)
 Metaspace       used 12699K, capacity 12932K, committed 13184K, reserved 1060864K
  class space    used 1288K, capacity 1369K, committed 1408K, reserved 1048576K
}
Event: 124.808 GC heap before
{Heap before GC invocations=7 (full 0):
 garbage-first heap   total 524288K, used 334249K [0x0000000601000000, 0x0000000800000000)
  region size 4096K, 76 young (311296K), 4 survivors (16384K)
 Metaspace       used 12699K, capacity 12932K, committed 13184K, reserved 1060864K
  class space    used 1288K, capacity 1369K, committed 1408K, reserved 1048576K
}
Event: 124.810 GC heap after
{Heap after GC invocations=8 (full 0):
 garbage-first heap   total 524288K, used 39479K [0x0000000601000000, 0x0000000800000000)
  region size 4096K, 4 young (16384K), 4 survivors (16384K)
 Metaspace       used 12699K, capacity 12932K, committed 13184K, reserved 1060864K
  class space    used 1288K, capacity 1369K, committed 1408K, reserved 1048576K
}
Event: 154.474 GC heap before
{Heap before GC invocations=8 (full 0):
 garbage-first heap   total 524288K, used 334391K [0x0000000601000000, 0x0000000800000000)
  region size 4096K, 76 young (311296K), 4 survivors (16384K)
 Metaspace       used 12700K, capacity 12932K, committed 13184K, reserved 1060864K
  class space    used 1288K, capacity 1369K, committed 1408K, reserved 1048576K
}
Event: 154.476 GC heap after
{Heap after GC invocations=9 (full 0):
 garbage-first heap   total 524288K, used 39403K [0x0000000601000000, 0x0000000800000000)
  region size 4096K, 4 young (16384K), 4 survivors (16384K)
 Metaspace       used 12700K, capacity 12932K, committed 13184K, reserved 1060864K
  class space    used 1288K, capacity 1369K, committed 1408K, reserved 1048576K
}

Deoptimization events (20 events):
Event: 7.131 Thread 0x00000190a86e8480 Uncommon trap: trap_request=0xffffff45 fr.pc=0x0000019087c8e81c relative=0x000000000000009c
Event: 7.131 Thread 0x00000190a86e8480 Uncommon trap: reason=unstable_if action=reinterpret pc=0x0000019087c8e81c method=java.awt.Component.inside(II)Z @ 9 c2
Event: 7.131 Thread 0x00000190a86e8480 DEOPT PACKING pc=0x0000019087c8e81c sp=0x000000415a8fe970
Event: 7.131 Thread 0x00000190a86e8480 DEOPT UNPACKING pc=0x000001908004e42f sp=0x000000415a8fe808 mode 2
Event: 11.084 Thread 0x00000190a86e6c70 Uncommon trap: trap_request=0xffffffcc fr.pc=0x0000019087d221d4 relative=0x00000000000001b4
Event: 11.084 Thread 0x00000190a86e6c70 Uncommon trap: reason=intrinsic_or_type_checked_inlining action=make_not_entrant pc=0x0000019087d221d4 method=java.util.Arrays.copyOf([Ljava/lang/Object;ILjava/lang/Class;)[Ljava/lang/Object; @ 35 c2
Event: 11.084 Thread 0x00000190a86e6c70 DEOPT PACKING pc=0x0000019087d221d4 sp=0x000000415aaff0a0
Event: 11.084 Thread 0x00000190a86e6c70 DEOPT UNPACKING pc=0x000001908004e42f sp=0x000000415aaff048 mode 2
Event: 12.457 Thread 0x00000190a86e7140 DEOPT PACKING pc=0x0000019080c620e8 sp=0x000000415b40f240
Event: 12.457 Thread 0x00000190a86e7140 DEOPT UNPACKING pc=0x000001908004e23f sp=0x000000415b40e780 mode 0
Event: 14.308 Thread 0x00000190a86e7140 DEOPT PACKING pc=0x0000019080c6365a sp=0x000000415b40f1a0
Event: 14.308 Thread 0x00000190a86e7140 DEOPT UNPACKING pc=0x000001908004e23f sp=0x000000415b40e6d8 mode 0
Event: 154.477 Thread 0x00000190ff917200 DEOPT PACKING pc=0x0000019080ca6328 sp=0x00000041585ff370
Event: 154.477 Thread 0x00000190ff917200 DEOPT UNPACKING pc=0x000001908004e23f sp=0x00000041585fe830 mode 0
Event: 154.478 Thread 0x00000190ff917200 DEOPT PACKING pc=0x0000019080ca6328 sp=0x00000041585ff370
Event: 154.478 Thread 0x00000190ff917200 DEOPT UNPACKING pc=0x000001908004e23f sp=0x00000041585fe830 mode 0
Event: 162.908 Thread 0x00000190a86e7140 Uncommon trap: trap_request=0xffffff45 fr.pc=0x0000019087d9285c relative=0x000000000000181c
Event: 162.908 Thread 0x00000190a86e7140 Uncommon trap: reason=unstable_if action=reinterpret pc=0x0000019087d9285c method=sun.awt.image.VolatileSurfaceManager.validate(Ljava/awt/GraphicsConfiguration;)I @ 90 c2
Event: 162.908 Thread 0x00000190a86e7140 DEOPT PACKING pc=0x0000019087d9285c sp=0x000000415b40f2e0
Event: 162.908 Thread 0x00000190a86e7140 DEOPT UNPACKING pc=0x000001908004e42f sp=0x000000415b40f100 mode 2

Classes unloaded (0 events):
No events

Classes redefined (0 events):
No events

Internal exceptions (20 events):
Event: 0.676 Thread 0x00000190f0ddfc10 Exception <a 'java/lang/NoSuchMethodError'{0x00000006208366d8}: 'java.lang.Object java.lang.invoke.DirectMethodHandle$Holder.invokeStaticInit(java.lang.Object, java.lang.Object, int, int, int, int)'> (0x00000006208366d8) 
thrown [./open/src/hotspot/share/interpreter/linkResolver.cpp, line 782]
Event: 0.868 Thread 0x00000190a05b65f0 Exception <a 'java/lang/NoSuchMethodError'{0x00000006203d2e10}: 'java.lang.Object java.lang.invoke.DirectMethodHandle$Holder.newInvokeSpecial(java.lang.Object, java.lang.Object, java.lang.Object, int, int, int, int, int)'> (0x00000006203d2e10) 
thrown [./open/src/hotspot/share/interpreter/linkResolver.cpp, line 782]
Event: 0.873 Thread 0x00000190a05b65f0 Exception <a 'java/lang/InterruptedException'{0x000000061fcd5af0}: sleep interrupted> (0x000000061fcd5af0) 
thrown [./open/src/hotspot/share/prims/jvm.cpp, line 3252]
Event: 0.881 Thread 0x00000190a05b65f0 Exception <a 'java/lang/InterruptedException'{0x000000061fd93c80}: sleep interrupted> (0x000000061fd93c80) 
thrown [./open/src/hotspot/share/prims/jvm.cpp, line 3252]
Event: 0.884 Thread 0x00000190a05b65f0 Exception <a 'java/lang/InterruptedException'{0x000000061fe4a5c8}: sleep interrupted> (0x000000061fe4a5c8) 
thrown [./open/src/hotspot/share/prims/jvm.cpp, line 3252]
Event: 0.889 Thread 0x00000190a05b65f0 Exception <a 'java/lang/InterruptedException'{0x000000061fe640c8}: sleep interrupted> (0x000000061fe640c8) 
thrown [./open/src/hotspot/share/prims/jvm.cpp, line 3252]
Event: 0.892 Thread 0x00000190a0a8cc00 Exception <a 'java/lang/InterruptedException'{0x000000061ff6c4b8}: sleep interrupted> (0x000000061ff6c4b8) 
thrown [./open/src/hotspot/share/prims/jvm.cpp, line 3252]
Event: 0.896 Thread 0x00000190a05b65f0 Exception <a 'java/lang/InterruptedException'{0x000000061ffe9a10}: sleep interrupted> (0x000000061ffe9a10) 
thrown [./open/src/hotspot/share/prims/jvm.cpp, line 3252]
Event: 1.103 Thread 0x00000190f0ddfc10 Exception <a 'java/lang/NoSuchMethodError'{0x000000061efa31e0}: 'void java.lang.invoke.DirectMethodHandle$Holder.invokeStaticInit(java.lang.Object)'> (0x000000061efa31e0) 
thrown [./open/src/hotspot/share/interpreter/linkResolver.cpp, line 782]
Event: 1.149 Thread 0x00000190a86e8480 Implicit null exception at 0x0000019087c2140b to 0x0000019087c24334
Event: 1.149 Thread 0x00000190a86e8480 Implicit null exception at 0x0000019087c0f00c to 0x0000019087c0f108
Event: 1.389 Thread 0x00000190a86e8480 Implicit null exception at 0x0000019087c0f4f5 to 0x0000019087c0f5d0
Event: 1.784 Thread 0x00000190a0a8cc00 Exception <a 'java/lang/InterruptedException'{0x0000000620f12d10}: sleep interrupted> (0x0000000620f12d10) 
thrown [./open/src/hotspot/share/prims/jvm.cpp, line 3252]
Event: 2.368 Thread 0x00000190a05b65f0 Exception <a 'java/lang/InterruptedException'{0x00000006208b80c0}: sleep interrupted> (0x00000006208b80c0) 
thrown [./open/src/hotspot/share/prims/jvm.cpp, line 3252]
Event: 2.659 Thread 0x00000190a0a8cc00 Exception <a 'java/lang/InterruptedException'{0x0000000620f21b38}: sleep interrupted> (0x0000000620f21b38) 
thrown [./open/src/hotspot/share/prims/jvm.cpp, line 3252]
Event: 2.663 Thread 0x00000190a86e8480 Exception <a 'java/io/FileNotFoundException'{0x000000061ffd4448}> (0x000000061ffd4448) 
thrown [./open/src/hotspot/share/prims/jni.cpp, line 578]
Event: 2.689 Thread 0x00000190a86e8480 Exception <a 'java/lang/NoSuchMethodError'{0x000000061f64cb28}: 'int java.lang.invoke.DirectMethodHandle$Holder.invokeVirtual(java.lang.Object, java.lang.Object)'> (0x000000061f64cb28) 
thrown [./open/src/hotspot/share/interpreter/linkResolver.cpp, line 782]
Event: 2.690 Thread 0x00000190a86e8480 Exception <a 'java/lang/NoSuchMethodError'{0x000000061f656e88}: 'java.lang.Object java.lang.invoke.Invokers$Holder.invokeExact_MT(java.lang.Object, java.lang.Object, java.lang.Object, java.lang.Object, java.lang.Object, java.lang.Object)'> (0x000000061f656e88) 
thrown [./open/src/hotspot/share/interpreter/linkResolver.cpp, line 782]
Event: 6.827 Thread 0x00000190a86e7140 Implicit null exception at 0x0000019087cc4895 to 0x0000019087cc6270
Event: 6.827 Thread 0x00000190a86e7140 Implicit null exception at 0x0000019087cba838 to 0x0000019087cbd7c8

Events (20 events):
Event: 105.323 Executing VM operation: HandshakeAllThreads
Event: 105.323 Executing VM operation: HandshakeAllThreads done
Event: 109.375 Thread 0x00000190a0df6b30 Thread added: 0x00000190a0df6b30
Event: 109.375 Thread 0x00000190aad5e5d0 Thread added: 0x00000190aad5e5d0
Event: 114.395 Thread 0x00000190aad5e5d0 Thread exited: 0x00000190aad5e5d0
Event: 114.396 Thread 0x00000190a0df6b30 Thread exited: 0x00000190a0df6b30
Event: 124.808 Executing VM operation: G1CollectForAllocation
Event: 124.810 Executing VM operation: G1CollectForAllocation done
Event: 154.474 Executing VM operation: G1CollectForAllocation
Event: 154.476 Executing VM operation: G1CollectForAllocation done
Event: 154.476 Executing VM operation: HandshakeAllThreads
Event: 154.476 Executing VM operation: HandshakeAllThreads done
Event: 162.895 Thread 0x00000190ffbc5790 Thread added: 0x00000190ffbc5790
Event: 162.895 Thread 0x00000190ffbc6130 Thread added: 0x00000190ffbc6130
Event: 162.895 Thread 0x00000190ffbc1dd0 Thread added: 0x00000190ffbc1dd0
Event: 162.895 loading class sun/font/SunFontManager$8$1
Event: 162.895 loading class sun/font/SunFontManager$8$1 done
Event: 162.895 Thread 0x00000190ffbc1dd0 Thread exited: 0x00000190ffbc1dd0
Event: 162.895 Thread 0x00000190a86e6c70 Thread exited: 0x00000190a86e6c70
Event: 162.896 Thread 0x00000190ffbc5790 Thread exited: 0x00000190ffbc5790


Dynamic libraries:
0x00007ff7b1620000 - 0x00007ff7b162f000 	C:\Java\jdk-15\bin\java.exe
0x00007ff972e90000 - 0x00007ff973086000 	C:\Windows\SYSTEM32\ntdll.dll
0x00007ff9719f0000 - 0x00007ff971aad000 	C:\Windows\System32\KERNEL32.DLL
0x00007ff970aa0000 - 0x00007ff970d69000 	C:\Windows\System32\KERNELBASE.dll
0x00007ff970970000 - 0x00007ff970a70000 	C:\Windows\System32\ucrtbase.dll
0x00007ff95a880000 - 0x00007ff95a898000 	C:\Java\jdk-15\bin\jli.dll
0x00007ff96de80000 - 0x00007ff96de99000 	C:\Java\jdk-15\bin\VCRUNTIME140.dll
0x00007ff9711d0000 - 0x00007ff97127c000 	C:\Windows\System32\ADVAPI32.dll
0x00007ff972630000 - 0x00007ff9726ce000 	C:\Windows\System32\msvcrt.dll
0x00007ff972840000 - 0x00007ff9728dc000 	C:\Windows\System32\sechost.dll
0x00007ff971ab0000 - 0x00007ff971bdb000 	C:\Windows\System32\RPCRT4.dll
0x00007ff972950000 - 0x00007ff972af0000 	C:\Windows\System32\USER32.dll
0x00007ff963d90000 - 0x00007ff96402b000 	C:\Windows\WinSxS\amd64_microsoft.windows.common-controls_6595b64144ccf1df_6.0.19041.488_none_ca04af081b815d21\COMCTL32.dll
0x00007ff970a70000 - 0x00007ff970a92000 	C:\Windows\System32\win32u.dll
0x00007ff972390000 - 0x00007ff9723ba000 	C:\Windows\System32\GDI32.dll
0x00007ff9705d0000 - 0x00007ff9706d9000 	C:\Windows\System32\gdi32full.dll
0x00007ff970770000 - 0x00007ff97080d000 	C:\Windows\System32\msvcp_win.dll
0x00007ff96a500000 - 0x00007ff96a50a000 	C:\Windows\SYSTEM32\VERSION.dll
0x00007ff9726d0000 - 0x00007ff972700000 	C:\Windows\System32\IMM32.DLL
0x00007ff95a9e0000 - 0x00007ff95a9ec000 	C:\Java\jdk-15\bin\vcruntime140_1.dll
0x00007ff95a7e0000 - 0x00007ff95a871000 	C:\Java\jdk-15\bin\msvcp140.dll
0x00007ff902fc0000 - 0x00007ff903b1c000 	C:\Java\jdk-15\bin\server\jvm.dll
0x00007ff971710000 - 0x00007ff971718000 	C:\Windows\System32\PSAPI.DLL
0x00007ff966280000 - 0x00007ff9662a7000 	C:\Windows\SYSTEM32\WINMM.dll
0x00007ff95b110000 - 0x00007ff95b119000 	C:\Windows\SYSTEM32\WSOCK32.dll
0x00007ff9728e0000 - 0x00007ff97294b000 	C:\Windows\System32\WS2_32.dll
0x00007ff96e460000 - 0x00007ff96e472000 	C:\Windows\SYSTEM32\kernel.appcore.dll
0x00007ff95a7d0000 - 0x00007ff95a7da000 	C:\Java\jdk-15\bin\jimage.dll
0x00007ff95b250000 - 0x00007ff95b434000 	C:\Windows\SYSTEM32\DBGHELP.DLL
0x00007ff95afd0000 - 0x00007ff95affc000 	C:\Windows\SYSTEM32\dbgcore.DLL
0x00007ff970e70000 - 0x00007ff970ef0000 	C:\Windows\System32\bcryptPrimitives.dll
0x00007ff95a7b0000 - 0x00007ff95a7be000 	C:\Java\jdk-15\bin\instrument.dll
0x00007ff95a780000 - 0x00007ff95a7a5000 	C:\Java\jdk-15\bin\java.dll
0x00007ff971be0000 - 0x00007ff972322000 	C:\Windows\System32\SHELL32.dll
0x00007ff96e740000 - 0x00007ff96eed5000 	C:\Windows\SYSTEM32\windows.storage.dll
0x00007ff972af0000 - 0x00007ff972e46000 	C:\Windows\System32\combase.dll
0x00007ff96ffd0000 - 0x00007ff96fffc000 	C:\Windows\SYSTEM32\Wldp.dll
0x00007ff971120000 - 0x00007ff9711ce000 	C:\Windows\System32\SHCORE.dll
0x00007ff972330000 - 0x00007ff972385000 	C:\Windows\System32\shlwapi.dll
0x00007ff970500000 - 0x00007ff970526000 	C:\Windows\SYSTEM32\profapi.dll
0x00007ff95a630000 - 0x00007ff95a648000 	C:\Java\jdk-15\bin\zip.dll
0x00007ff95a760000 - 0x00007ff95a779000 	C:\Java\jdk-15\bin\net.dll
0x00007ff96b020000 - 0x00007ff96b120000 	C:\Windows\SYSTEM32\WINHTTP.dll
0x00007ff96fd50000 - 0x00007ff96fdba000 	C:\Windows\system32\mswsock.dll
0x00007ff95a740000 - 0x00007ff95a752000 	C:\Java\jdk-15\bin\nio.dll
0x00007ff95a610000 - 0x00007ff95a62a000 	C:\JetBrains\IntelliJ IDEA Community Edition 2020.2.2\bin\breakgen64.dll
0x00007ff937a70000 - 0x00007ff937bf0000 	C:\Java\jdk-15\bin\awt.dll
0x00007ff9718c0000 - 0x00007ff97198d000 	C:\Windows\System32\OLEAUT32.dll
0x00007ff96db10000 - 0x00007ff96dba0000 	C:\Windows\SYSTEM32\apphelp.dll
0x00007ff95a590000 - 0x00007ff95a60f000 	C:\Java\jdk-15\bin\mlib_image.dll
0x00007ff96e430000 - 0x00007ff96e45f000 	C:\Windows\system32\DWMAPI.DLL
0x00007ff96e060000 - 0x00007ff96e0fe000 	C:\Windows\system32\uxtheme.dll
0x00007ff94c0f0000 - 0x00007ff94c215000 	C:\Windows\system32\opengl32.dll
0x00007ff956ff0000 - 0x00007ff95701c000 	C:\Windows\SYSTEM32\GLU32.dll
0x00007ff9717a0000 - 0x00007ff9718b6000 	C:\Windows\System32\MSCTF.dll
0x00007ff972470000 - 0x00007ff97259a000 	C:\Windows\System32\ole32.dll
0x00007ff9701c0000 - 0x00007ff9701d2000 	C:\Windows\SYSTEM32\msasn1.dll
0x00007ff96a460000 - 0x00007ff96a491000 	C:\Windows\SYSTEM32\cryptnet.dll
0x00007ff970810000 - 0x00007ff97096d000 	C:\Windows\System32\CRYPT32.dll
0x00007ff96ff20000 - 0x00007ff96ff2c000 	C:\Windows\SYSTEM32\cryptbase.dll
0x00007ff970710000 - 0x00007ff970770000 	C:\Windows\System32\WINTRUST.DLL
0x00007ff9716f0000 - 0x00007ff97170d000 	C:\Windows\System32\imagehlp.dll
0x00007ff96ff30000 - 0x00007ff96ff48000 	C:\Windows\SYSTEM32\CRYPTSP.dll
0x00007ff96f680000 - 0x00007ff96f6b4000 	C:\Windows\system32\rsaenh.dll
0x00007ff9706e0000 - 0x00007ff970707000 	C:\Windows\System32\bcrypt.dll
0x00007ff95ad20000 - 0x00007ff95afce000 	C:\Windows\system32\nvspcap64.dll
0x00007ff96f310000 - 0x00007ff96f343000 	C:\Windows\SYSTEM32\ntmarta.dll
0x00007ff96eef0000 - 0x00007ff96ef13000 	C:\Windows\SYSTEM32\gpapi.dll
0x00007ff968300000 - 0x00007ff96833b000 	C:\Windows\SYSTEM32\dxcore.dll
0x00007ff970d70000 - 0x00007ff970dbe000 	C:\Windows\System32\cfgmgr32.dll
0x00007ff970480000 - 0x00007ff9704ae000 	C:\Windows\SYSTEM32\USERENV.dll
0x00007ff96fa40000 - 0x00007ff96fa7b000 	C:\Windows\SYSTEM32\IPHLPAPI.DLL
0x00007ff971730000 - 0x00007ff971738000 	C:\Windows\System32\NSI.dll
0x00007ff96a550000 - 0x00007ff96a567000 	C:\Windows\SYSTEM32\dhcpcsvc6.DLL
0x00007ff96a510000 - 0x00007ff96a52d000 	C:\Windows\SYSTEM32\dhcpcsvc.DLL
0x00007ff96fa80000 - 0x00007ff96fb4b000 	C:\Windows\SYSTEM32\DNSAPI.dll
0x00007ff9579c0000 - 0x00007ff957a45000 	C:\Java\jdk-15\bin\freetype.dll
0x00007ff954290000 - 0x00007ff954339000 	C:\Java\jdk-15\bin\fontmanager.dll
0x00007ff9680b0000 - 0x00007ff9681ad000 	C:\Windows\SYSTEM32\textinputframework.dll
0x00007ff96d580000 - 0x00007ff96d8de000 	C:\Windows\System32\CoreUIComponents.dll
0x00007ff96d8e0000 - 0x00007ff96d9d2000 	C:\Windows\System32\CoreMessaging.dll
0x00007ff96c0b0000 - 0x00007ff96c206000 	C:\Windows\SYSTEM32\wintypes.dll
0x00007ff95a560000 - 0x00007ff95a571000 	C:\Java\jdk-15\bin\jsound.dll
0x00007ff95e000000 - 0x00007ff95e09c000 	C:\Windows\SYSTEM32\DSOUND.dll
0x00007ff95df90000 - 0x00007ff95dfb6000 	C:\Windows\SYSTEM32\winmmbase.dll
0x00007ff970090000 - 0x00007ff9700db000 	C:\Windows\SYSTEM32\powrprof.dll
0x00007ff970070000 - 0x00007ff970082000 	C:\Windows\SYSTEM32\UMPDC.dll
0x00007ff9723c0000 - 0x00007ff972469000 	C:\Windows\System32\clbcatq.dll
0x00007ff96a580000 - 0x00007ff96a605000 	C:\Windows\System32\MMDevApi.dll
0x00007ff970380000 - 0x00007ff9703ac000 	C:\Windows\System32\DEVOBJ.dll
0x00007ff94c230000 - 0x00007ff94c276000 	C:\Windows\SYSTEM32\wdmaud.drv
0x00007ff96b6d0000 - 0x00007ff96b6da000 	C:\Windows\SYSTEM32\AVRT.dll
0x00007ff95c4a0000 - 0x00007ff95c4a9000 	C:\Windows\SYSTEM32\ksuser.dll
0x00007ff96a6c0000 - 0x00007ff96a844000 	C:\Windows\SYSTEM32\AUDIOSES.DLL
0x00007ff95c490000 - 0x00007ff95c49d000 	C:\Windows\SYSTEM32\msacm32.drv
0x00007ff95bc20000 - 0x00007ff95bc3e000 	C:\Windows\SYSTEM32\MSACM32.dll
0x00007ff94c220000 - 0x00007ff94c22b000 	C:\Windows\SYSTEM32\midimap.dll
0x00007ff96e160000 - 0x00007ff96e174000 	C:\Windows\SYSTEM32\resourcepolicyclient.dll
0x00007ff9681b0000 - 0x00007ff9682fc000 	C:\Windows\System32\Windows.UI.dll
0x00007ff967f50000 - 0x00007ff9680a2000 	C:\Windows\System32\InputHost.dll
0x00007ff96b1c0000 - 0x00007ff96b263000 	C:\Windows\System32\WindowManagementAPI.dll
0x00007ff96dba0000 - 0x00007ff96dc97000 	C:\Windows\System32\PROPSYS.dll
0x00007ff96ae10000 - 0x00007ff96b018000 	C:\Windows\SYSTEM32\twinapi.appcore.dll

dbghelp: loaded successfully - version: 4.0.5 - missing functions: none
symbol engine: initialized successfully - sym options: 0x614 - pdb path: .;C:\Java\jdk-15\bin;C:\Windows\SYSTEM32;C:\Windows\WinSxS\amd64_microsoft.windows.common-controls_6595b64144ccf1df_6.0.19041.488_none_ca04af081b815d21;C:\Java\jdk-15\bin\server;C:\JetBrains\IntelliJ IDEA Community Edition 2020.2.2\bin;C:\Windows\System32\DriverStore\FileRepository\nv_dispi.inf_amd64_1c83a5d7cffd7bff

VM Arguments:
jvm_args: -javaagent:C:\JetBrains\IntelliJ IDEA Community Edition 2020.2.2\lib\idea_rt.jar=58572:C:\JetBrains\IntelliJ IDEA Community Edition 2020.2.2\bin -Dfile.encoding=UTF-8 
java_command: game.Launcher
java_class_path (initial): C:\timesplitters\bin
Launcher Type: SUN_STANDARD

[Global flags]
     intx CICompilerCount                          = 12                                        {product} {ergonomic}
     uint ConcGCThreads                            = 3                                         {product} {ergonomic}
     uint G1ConcRefinementThreads                  = 13                                        {product} {ergonomic}
   size_t G1HeapRegionSize                         = 4194304                                   {product} {ergonomic}
    uintx GCDrainStackTargetSize                   = 64                                        {product} {ergonomic}
   size_t InitialHeapSize                          = 536870912                                 {product} {ergonomic}
   size_t MarkStackSize                            = 4194304                                   {product} {ergonomic}
   size_t MaxHeapSize                              = 8573157376                                {product} {ergonomic}
   size_t MaxNewSize                               = 5142216704                                {product} {ergonomic}
   size_t MinHeapDeltaBytes                        = 4194304                                   {product} {ergonomic}
   size_t MinHeapSize                              = 8388608                                   {product} {ergonomic}
    uintx NonNMethodCodeHeapSize                   = 7602480                                {pd product} {ergonomic}
    uintx NonProfiledCodeHeapSize                  = 122027880                              {pd product} {ergonomic}
    uintx ProfiledCodeHeapSize                     = 122027880                              {pd product} {ergonomic}
    uintx ReservedCodeCacheSize                    = 251658240                              {pd product} {ergonomic}
     bool SegmentedCodeCache                       = true                                      {product} {ergonomic}
   size_t SoftMaxHeapSize                          = 8573157376                             {manageable} {ergonomic}
     bool UseCompressedClassPointers               = true                                 {lp64_product} {ergonomic}
     bool UseCompressedOops                        = true                                 {lp64_product} {ergonomic}
     bool UseG1GC                                  = true                                      {product} {ergonomic}
     bool UseLargePagesIndividualAllocation        = false                                  {pd product} {ergonomic}

Logging:
Log output configuration:
 #0: stdout all=warning uptime,level,tags
 #1: stderr all=off uptime,level,tags

Environment Variables:
PATH=C:\Program Files\Common Files\Oracle\Java\javapath;C:\Windows\system32;C:\Windows;C:\Windows\System32\Wbem;C:\Windows\System32\WindowsPowerShell\v1.0\;C:\Windows\System32\OpenSSH\;C:\Program Files\NVIDIA Corporation\NVIDIA NvDLISR;C:\Program Files (x86)\NVIDIA Corporation\PhysX\Common;C:\Program Files\Git\cmd;C:\Python\Python38-32\Scripts\;C:\Python\Python38-32\;C:\Users\ArmenZ\AppData\Local\Programs\Python\Launcher\;C:\Users\ArmenZ\AppData\Local\Microsoft\WindowsApps;C:\Users\ArmenZ\AppData\Local\GitHubDesktop\bin;C:\Users\ArmenZ\AppData\Local\atom\bin;C:\Java\jdk-15;C:\JetBrains\IntelliJ IDEA Community Edition 2020.2.2;C:\FlutterSDK\bin;C:\Android\AndroidSDK;C:\DartSDK;C:\MinGW\bin;
USERNAME=ArmenZ
OS=Windows_NT
PROCESSOR_IDENTIFIER=Intel64 Family 6 Model 165 Stepping 5, GenuineIntel



---------------  S Y S T E M  ---------------

OS:
 Windows 10 , 64 bit Build 19041 (10.0.19041.662)
OS uptime: 0 days 8:30 hours

CPU: total 16 (initial active 16) (8 cores per cpu, 2 threads per core) family 6 model 165 stepping 5, cmov, cx8, fxsr, mmx, sse, sse2, sse3, ssse3, sse4.1, sse4.2, popcnt, vzeroupper, avx, avx2, aes, clmul, erms, 3dnowpref, lzcnt, ht, tsc, tscinvbit, bmi1, bmi2, adx, fma, clflush, clflushopt

Memory: 4k page, system-wide physical 32690M (17935M free)
TotalPageFile size 37554M (AvailPageFile size 13251M)
current process WorkingSet (physical memory assigned to process): 422M, peak: 451M
current process commit charge ("private bytes"): 683M, peak: 753M

vm_info: Java HotSpot(TM) 64-Bit Server VM (15+36-1562) for windows-amd64 JRE (15+36-1562), built on Aug 11 2020 22:38:02 by "mach5one" with unknown MS VC++:1925

END.
